2025-10-17 15:37:15,973 - DEBUG - STREAM b'IHDR' 16 13
2025-10-17 15:37:15,973 - DEBUG - STREAM b'sRGB' 41 1
2025-10-17 15:37:15,973 - DEBUG - STREAM b'gAMA' 54 4
2025-10-17 15:37:15,973 - DEBUG - STREAM b'pHYs' 70 9
2025-10-17 15:37:15,973 - DEBUG - STREAM b'IDAT' 91 29083
2025-10-17 15:37:16,155 - INFO - --- INICIANDO ORQUESTRAÇÃO DE NESTING (ESTRATÉGIA OTIMIZADA) PARA ESPESSURA 12.7mm ---
2025-10-17 15:37:16,155 - INFO - Ordenando 1 tipos de peças por área para otimização.
2025-10-17 15:37:16,155 - INFO - Iniciando cálculo de corte para 1 tipos de peças em 200 bins disponíveis.
2025-10-17 15:37:16,155 - INFO - --- TENTATIVA COM 1 CHAPAS ---
2025-10-17 15:37:16,155 - INFO - SUCESSO! Algoritmo 'MaxRectsBssf' conseguiu alocar todas as peças em 1 chapas.
2025-10-17 15:37:16,155 - DEBUG - Iniciando 'encontrar_sobras' com algoritmo de varredura (Scanline).
2025-10-17 15:37:16,155 - DEBUG - Finalizado 'encontrar_sobras' (Scanline). Encontradas 3 sobras válidas.
2025-10-17 15:37:16,155 - INFO - SUCESSO! Algoritmo 'MaxRectsBaf' conseguiu alocar todas as peças em 1 chapas.
2025-10-17 15:37:16,155 - DEBUG - Iniciando 'encontrar_sobras' com algoritmo de varredura (Scanline).
2025-10-17 15:37:16,156 - DEBUG - Finalizado 'encontrar_sobras' (Scanline). Encontradas 1 sobras válidas.
2025-10-17 15:37:16,156 - INFO - SUCESSO! Algoritmo 'MaxRectsBlsf' conseguiu alocar todas as peças em 1 chapas.
2025-10-17 15:37:16,156 - DEBUG - Iniciando 'encontrar_sobras' com algoritmo de varredura (Scanline).
2025-10-17 15:37:16,156 - DEBUG - Finalizado 'encontrar_sobras' (Scanline). Encontradas 2 sobras válidas.
2025-10-17 15:37:16,157 - INFO - SUCESSO! Algoritmo 'SkylineBl' conseguiu alocar todas as peças em 1 chapas.
2025-10-17 15:37:16,157 - DEBUG - Iniciando 'encontrar_sobras' com algoritmo de varredura (Scanline).
2025-10-17 15:37:16,157 - DEBUG - Finalizado 'encontrar_sobras' (Scanline). Encontradas 2 sobras válidas.
2025-10-17 15:37:16,157 - INFO - SUCESSO! Algoritmo 'SkylineMwf' conseguiu alocar todas as peças em 1 chapas.
2025-10-17 15:37:16,157 - DEBUG - Iniciando 'encontrar_sobras' com algoritmo de varredura (Scanline).
2025-10-17 15:37:16,157 - DEBUG - Finalizado 'encontrar_sobras' (Scanline). Encontradas 1 sobras válidas.
2025-10-17 15:37:16,157 - INFO - SUCESSO! Algoritmo 'SkylineBlWm' conseguiu alocar todas as peças em 1 chapas.
2025-10-17 15:37:16,157 - DEBUG - Iniciando 'encontrar_sobras' com algoritmo de varredura (Scanline).
2025-10-17 15:37:16,157 - DEBUG - Finalizado 'encontrar_sobras' (Scanline). Encontradas 2 sobras válidas.
2025-10-17 15:37:16,158 - INFO - SUCESSO! Algoritmo 'SkylineMwfl' conseguiu alocar todas as peças em 1 chapas.
2025-10-17 15:37:16,158 - DEBUG - Iniciando 'encontrar_sobras' com algoritmo de varredura (Scanline).
2025-10-17 15:37:16,158 - DEBUG - Finalizado 'encontrar_sobras' (Scanline). Encontradas 2 sobras válidas.
2025-10-17 15:37:16,158 - INFO - Encontrado o número mínimo de chapas: 1. Selecionando a melhor solução.
2025-10-17 15:37:16,158 - INFO - Cálculo finalizado. Melhor resultado: 1 chapas, 15.04% de aproveitamento.
2025-10-17 15:37:16,158 - INFO - --- ORQUESTRAÇÃO OTIMIZADA FINALIZADA ---
2025-10-17 15:37:33,130 - DEBUG - STREAM b'IHDR' 16 13
2025-10-17 15:37:33,130 - DEBUG - STREAM b'sRGB' 41 1
2025-10-17 15:37:33,130 - DEBUG - STREAM b'gAMA' 54 4
2025-10-17 15:37:33,130 - DEBUG - STREAM b'pHYs' 70 9
2025-10-17 15:37:33,130 - DEBUG - STREAM b'IDAT' 91 29083
2025-10-17 15:38:26,911 - INFO - Thread de cálculo iniciada.
2025-10-17 15:38:26,911 - INFO - Para espessura 6.35mm, usando Offset: 5.0mm. Margem efetiva calculada: 7.5mm para garantir 10mm de borda.
2025-10-17 15:38:26,911 - DEBUG - Iniciando cálculo para espessura 6.35 com 1 tipos de peças.
2025-10-17 15:38:26,911 - INFO - --- INICIANDO ORQUESTRAÇÃO DE NESTING (ESTRATÉGIA OTIMIZADA) PARA ESPESSURA 6.35mm ---
2025-10-17 15:38:26,911 - INFO - Ordenando 1 tipos de peças por área para otimização.
2025-10-17 15:38:26,911 - INFO - Iniciando cálculo de corte para 1 tipos de peças em 200 bins disponíveis.
2025-10-17 15:38:26,927 - INFO - --- TENTATIVA COM 1 CHAPAS ---
2025-10-17 15:38:26,927 - INFO - SUCESSO! Algoritmo 'MaxRectsBssf' conseguiu alocar todas as peças em 1 chapas.
2025-10-17 15:38:26,927 - DEBUG - Iniciando 'encontrar_sobras' com algoritmo de varredura (Scanline).
2025-10-17 15:38:26,927 - DEBUG - Finalizado 'encontrar_sobras' (Scanline). Encontradas 1 sobras válidas.
2025-10-17 15:38:26,927 - INFO - SUCESSO! Algoritmo 'MaxRectsBaf' conseguiu alocar todas as peças em 1 chapas.
2025-10-17 15:38:26,927 - DEBUG - Iniciando 'encontrar_sobras' com algoritmo de varredura (Scanline).
2025-10-17 15:38:26,927 - DEBUG - Finalizado 'encontrar_sobras' (Scanline). Encontradas 1 sobras válidas.
2025-10-17 15:38:26,927 - INFO - SUCESSO! Algoritmo 'MaxRectsBlsf' conseguiu alocar todas as peças em 1 chapas.
2025-10-17 15:38:26,927 - DEBUG - Iniciando 'encontrar_sobras' com algoritmo de varredura (Scanline).
2025-10-17 15:38:26,927 - DEBUG - Finalizado 'encontrar_sobras' (Scanline). Encontradas 1 sobras válidas.
2025-10-17 15:38:26,927 - INFO - SUCESSO! Algoritmo 'SkylineBl' conseguiu alocar todas as peças em 1 chapas.
2025-10-17 15:38:26,927 - DEBUG - Iniciando 'encontrar_sobras' com algoritmo de varredura (Scanline).
2025-10-17 15:38:26,927 - DEBUG - Finalizado 'encontrar_sobras' (Scanline). Encontradas 1 sobras válidas.
2025-10-17 15:38:26,943 - INFO - SUCESSO! Algoritmo 'SkylineMwf' conseguiu alocar todas as peças em 1 chapas.
2025-10-17 15:38:26,943 - DEBUG - Iniciando 'encontrar_sobras' com algoritmo de varredura (Scanline).
2025-10-17 15:38:26,943 - DEBUG - Finalizado 'encontrar_sobras' (Scanline). Encontradas 1 sobras válidas.
2025-10-17 15:38:26,943 - INFO - SUCESSO! Algoritmo 'SkylineBlWm' conseguiu alocar todas as peças em 1 chapas.
2025-10-17 15:38:26,943 - DEBUG - Iniciando 'encontrar_sobras' com algoritmo de varredura (Scanline).
2025-10-17 15:38:26,943 - DEBUG - Finalizado 'encontrar_sobras' (Scanline). Encontradas 1 sobras válidas.
2025-10-17 15:38:26,961 - INFO - SUCESSO! Algoritmo 'SkylineMwfl' conseguiu alocar todas as peças em 1 chapas.
2025-10-17 15:38:26,961 - DEBUG - Iniciando 'encontrar_sobras' com algoritmo de varredura (Scanline).
2025-10-17 15:38:26,963 - DEBUG - Finalizado 'encontrar_sobras' (Scanline). Encontradas 1 sobras válidas.
2025-10-17 15:38:26,963 - INFO - Encontrado o número mínimo de chapas: 1. Selecionando a melhor solução.
2025-10-17 15:38:26,963 - INFO - Cálculo finalizado. Melhor resultado: 1 chapas, 65.29% de aproveitamento.
2025-10-17 15:38:26,963 - INFO - --- ORQUESTRAÇÃO OTIMIZADA FINALIZADA ---
2025-10-17 15:38:26,963 - DEBUG - Cálculo para espessura 6.35 concluído. Emitindo resultado.
2025-10-17 15:38:26,963 - INFO - Thread de cálculo finalizada.
