2025-10-16 11:02:27,050 - INFO - Thread de cálculo iniciada.
2025-10-16 11:02:27,050 - DEBUG - Iniciando cálculo para espessura 2.0 com 1 tipos de peças.
2025-10-16 11:02:27,050 - INFO - --- INICIANDO ORQUESTRAÇÃO DE NESTING (ESTRATÉGIA OTIMIZADA) PARA ESPESSURA 2.0mm ---
2025-10-16 11:02:27,050 - INFO - Ordenando 1 tipos de peças por área para otimização.
2025-10-16 11:02:27,050 - INFO - Iniciando cálculo de corte para 1 tipos de peças em 200 bins disponíveis.
2025-10-16 11:02:27,066 - INFO - Novo melhor resultado: 2 chapas com MaxRectsBssf.
2025-10-16 11:02:27,066 - DEBUG - Iniciando 'encontrar_sobras' com algoritmo de varredura (Scanline).
2025-10-16 11:02:27,066 - DEBUG - Finalizado 'encontrar_sobras' (Scanline). Encontradas 9 sobras válidas.
2025-10-16 11:02:27,066 - DEBUG - Iniciando 'encontrar_sobras' com algoritmo de varredura (Scanline).
2025-10-16 11:02:27,066 - DEBUG - Finalizado 'encontrar_sobras' (Scanline). Encontradas 4 sobras válidas.
2025-10-16 11:02:27,099 - INFO - Cálculo finalizado. Melhor resultado: 2 chapas, 66.67% de aproveitamento.
2025-10-16 11:02:27,099 - INFO - --- ORQUESTRAÇÃO OTIMIZADA FINALIZADA ---
2025-10-16 11:02:27,099 - DEBUG - Cálculo para espessura 2.0 concluído. Emitindo resultado.
2025-10-16 11:02:27,099 - DEBUG - Iniciando cálculo para espessura 3.0 com 1 tipos de peças.
2025-10-16 11:02:27,099 - INFO - --- INICIANDO ORQUESTRAÇÃO DE NESTING (ESTRATÉGIA OTIMIZADA) PARA ESPESSURA 3.0mm ---
2025-10-16 11:02:27,099 - INFO - Ordenando 1 tipos de peças por área para otimização.
2025-10-16 11:02:27,099 - INFO - Iniciando cálculo de corte para 1 tipos de peças em 200 bins disponíveis.
2025-10-16 11:02:27,099 - INFO - Novo melhor resultado: 3 chapas com MaxRectsBssf.
2025-10-16 11:02:27,099 - DEBUG - Iniciando 'encontrar_sobras' com algoritmo de varredura (Scanline).
2025-10-16 11:02:27,099 - DEBUG - Finalizado 'encontrar_sobras' (Scanline). Encontradas 2 sobras válidas.
2025-10-16 11:02:27,099 - DEBUG - Iniciando 'encontrar_sobras' com algoritmo de varredura (Scanline).
2025-10-16 11:02:27,099 - DEBUG - Finalizado 'encontrar_sobras' (Scanline). Encontradas 4 sobras válidas.
2025-10-16 11:02:27,140 - INFO - Cálculo finalizado. Melhor resultado: 3 chapas, 66.67% de aproveitamento.
2025-10-16 11:02:27,140 - INFO - --- ORQUESTRAÇÃO OTIMIZADA FINALIZADA ---
2025-10-16 11:02:27,140 - DEBUG - Cálculo para espessura 3.0 concluído. Emitindo resultado.
2025-10-16 11:02:27,140 - DEBUG - Iniciando cálculo para espessura 4.75 com 1 tipos de peças.
2025-10-16 11:02:27,140 - INFO - --- INICIANDO ORQUESTRAÇÃO DE NESTING (ESTRATÉGIA OTIMIZADA) PARA ESPESSURA 4.75mm ---
2025-10-16 11:02:27,140 - INFO - Ordenando 1 tipos de peças por área para otimização.
2025-10-16 11:02:27,140 - INFO - Iniciando cálculo de corte para 1 tipos de peças em 200 bins disponíveis.
2025-10-16 11:02:27,140 - INFO - Novo melhor resultado: 6 chapas com MaxRectsBssf.
2025-10-16 11:02:27,140 - DEBUG - Iniciando 'encontrar_sobras' com algoritmo de varredura (Scanline).
2025-10-16 11:02:27,140 - DEBUG - Finalizado 'encontrar_sobras' (Scanline). Encontradas 2 sobras válidas.
2025-10-16 11:02:27,140 - DEBUG - Iniciando 'encontrar_sobras' com algoritmo de varredura (Scanline).
2025-10-16 11:02:27,140 - DEBUG - Finalizado 'encontrar_sobras' (Scanline). Encontradas 2 sobras válidas.
2025-10-16 11:02:27,194 - INFO - Cálculo finalizado. Melhor resultado: 6 chapas, 66.67% de aproveitamento.
2025-10-16 11:02:27,194 - INFO - --- ORQUESTRAÇÃO OTIMIZADA FINALIZADA ---
2025-10-16 11:02:27,194 - DEBUG - Cálculo para espessura 4.75 concluído. Emitindo resultado.
2025-10-16 11:02:27,194 - INFO - Thread de cálculo finalizada.
2025-10-16 11:02:51,942 - INFO - Thread de cálculo iniciada.
2025-10-16 11:02:51,942 - DEBUG - Iniciando cálculo para espessura 12.7 com 7 tipos de peças.
2025-10-16 11:02:51,942 - INFO - --- INICIANDO ORQUESTRAÇÃO DE NESTING (ESTRATÉGIA OTIMIZADA) PARA ESPESSURA 12.7mm ---
2025-10-16 11:02:51,942 - INFO - Ordenando 7 tipos de peças por área para otimização.
2025-10-16 11:02:51,942 - INFO - Iniciando cálculo de corte para 7 tipos de peças em 200 bins disponíveis.
2025-10-16 11:02:52,033 - INFO - Novo melhor resultado: 52 chapas com MaxRectsBssf.
2025-10-16 11:02:52,033 - DEBUG - Iniciando 'encontrar_sobras' com algoritmo de varredura (Scanline).
2025-10-16 11:02:52,033 - DEBUG - Finalizado 'encontrar_sobras' (Scanline). Encontradas 4 sobras válidas.
2025-10-16 11:02:52,033 - DEBUG - Iniciando 'encontrar_sobras' com algoritmo de varredura (Scanline).
2025-10-16 11:02:52,033 - DEBUG - Finalizado 'encontrar_sobras' (Scanline). Encontradas 5 sobras válidas.
2025-10-16 11:02:52,033 - DEBUG - Iniciando 'encontrar_sobras' com algoritmo de varredura (Scanline).
2025-10-16 11:02:52,033 - DEBUG - Finalizado 'encontrar_sobras' (Scanline). Encontradas 4 sobras válidas.
2025-10-16 11:02:52,033 - DEBUG - Iniciando 'encontrar_sobras' com algoritmo de varredura (Scanline).
2025-10-16 11:02:52,033 - DEBUG - Finalizado 'encontrar_sobras' (Scanline). Encontradas 4 sobras válidas.
2025-10-16 11:02:52,033 - DEBUG - Iniciando 'encontrar_sobras' com algoritmo de varredura (Scanline).
2025-10-16 11:02:52,033 - DEBUG - Finalizado 'encontrar_sobras' (Scanline). Encontradas 4 sobras válidas.
2025-10-16 11:02:52,033 - DEBUG - Iniciando 'encontrar_sobras' com algoritmo de varredura (Scanline).
2025-10-16 11:02:52,033 - DEBUG - Finalizado 'encontrar_sobras' (Scanline). Encontradas 1 sobras válidas.
2025-10-16 11:02:52,033 - DEBUG - Iniciando 'encontrar_sobras' com algoritmo de varredura (Scanline).
2025-10-16 11:02:52,049 - DEBUG - Finalizado 'encontrar_sobras' (Scanline). Encontradas 2 sobras válidas.
2025-10-16 11:02:52,049 - DEBUG - Iniciando 'encontrar_sobras' com algoritmo de varredura (Scanline).
2025-10-16 11:02:52,049 - DEBUG - Finalizado 'encontrar_sobras' (Scanline). Encontradas 1 sobras válidas.
2025-10-16 11:02:52,049 - INFO - Cálculo finalizado. Melhor resultado: 52 chapas, 73.45% de aproveitamento.
2025-10-16 11:02:52,049 - INFO - --- ORQUESTRAÇÃO OTIMIZADA FINALIZADA ---
2025-10-16 11:02:52,049 - DEBUG - Cálculo para espessura 12.7 concluído. Emitindo resultado.
2025-10-16 11:02:52,049 - INFO - Thread de cálculo finalizada.
2025-10-16 11:04:06,592 - INFO - Thread de cálculo iniciada.
2025-10-16 11:04:06,592 - DEBUG - Iniciando cálculo para espessura 2.0 com 3 tipos de peças.
2025-10-16 11:04:06,592 - INFO - --- INICIANDO ORQUESTRAÇÃO DE NESTING (ESTRATÉGIA OTIMIZADA) PARA ESPESSURA 2.0mm ---
2025-10-16 11:04:06,592 - INFO - Ordenando 3 tipos de peças por área para otimização.
2025-10-16 11:04:06,592 - INFO - Iniciando cálculo de corte para 3 tipos de peças em 200 bins disponíveis.
2025-10-16 11:04:06,606 - INFO - Novo melhor resultado: 8 chapas com MaxRectsBssf.
2025-10-16 11:04:06,606 - DEBUG - Iniciando 'encontrar_sobras' com algoritmo de varredura (Scanline).
2025-10-16 11:04:06,606 - DEBUG - Finalizado 'encontrar_sobras' (Scanline). Encontradas 4 sobras válidas.
2025-10-16 11:04:06,606 - DEBUG - Iniciando 'encontrar_sobras' com algoritmo de varredura (Scanline).
2025-10-16 11:04:06,606 - DEBUG - Finalizado 'encontrar_sobras' (Scanline). Encontradas 4 sobras válidas.
2025-10-16 11:04:06,606 - DEBUG - Iniciando 'encontrar_sobras' com algoritmo de varredura (Scanline).
2025-10-16 11:04:06,606 - DEBUG - Finalizado 'encontrar_sobras' (Scanline). Encontradas 4 sobras válidas.
2025-10-16 11:04:06,606 - DEBUG - Iniciando 'encontrar_sobras' com algoritmo de varredura (Scanline).
2025-10-16 11:04:06,606 - DEBUG - Finalizado 'encontrar_sobras' (Scanline). Encontradas 6 sobras válidas.
2025-10-16 11:04:06,606 - DEBUG - Iniciando 'encontrar_sobras' com algoritmo de varredura (Scanline).
2025-10-16 11:04:06,606 - DEBUG - Finalizado 'encontrar_sobras' (Scanline). Encontradas 3 sobras válidas.
2025-10-16 11:04:06,654 - INFO - Cálculo finalizado. Melhor resultado: 8 chapas, 82.53% de aproveitamento.
2025-10-16 11:04:06,654 - INFO - --- ORQUESTRAÇÃO OTIMIZADA FINALIZADA ---
2025-10-16 11:04:06,654 - DEBUG - Cálculo para espessura 2.0 concluído. Emitindo resultado.
2025-10-16 11:04:06,654 - INFO - Thread de cálculo finalizada.
